#
# There is insufficient memory for the Java Runtime Environment to continue.
# Native memory allocation (mmap) failed to map 134217728 bytes for Failed to commit area from 0x0000000080a00000 to 0x0000000088a00000 of length 134217728.
# Possible reasons:
#   The system is out of physical RAM or swap space
#   The process is running with CompressedOops enabled, and the Java Heap may be blocking the growth of the native heap
# Possible solutions:
#   Reduce memory load on the system
#   Increase physical memory or swap space
#   Check if swap backing store is full
#   Decrease Java heap size (-Xmx/-Xms)
#   Decrease number of Java threads
#   Decrease Java thread stack sizes (-Xss)
#   Set larger code cache with -XX:ReservedCodeCacheSize=
# This output file may be truncated or incomplete.
#
#  Out of Memory Error (c:/BuildAgent/work/5ff2f6c26000d570/src/hotspot/os/windows/os_windows.cpp:3281), pid=12568, tid=12232
#
# JRE version:  (11.0.4+10) (build )
# Java VM: OpenJDK 64-Bit Server VM (11.0.4+10-b520.11, mixed mode, aot, sharing, tiered, compressed oops, g1 gc, windows-amd64)
# No core dump will be written. Minidumps are not enabled by default on client versions of Windows
#

---------------  S U M M A R Y ------------

Command Line: org.jetbrains.git4idea.http.GitAskPassApp Username for 'https://github.com': 

Host: Intel(R) Core(TM) i5-6600K CPU @ 3.50GHz, 4 cores, 7G,  Windows 10 , 64 bit Build 18362 (10.0.18362.329)
Time: Sun Mar 15 23:54:40 2020  elapsed time: 0 seconds (0d 0h 0m 0s)

---------------  T H R E A D  ---------------

Current thread (0x000001ea5ad13000):  JavaThread "Unknown thread" [_thread_in_vm, id=12232, stack(0x000000468a400000,0x000000468a500000)]

Stack: [0x000000468a400000,0x000000468a500000]
Native frames: (J=compiled Java code, j=interpreted, Vv=VM code, C=native code)
V  [jvm.dll+0x5db21a]
V  [jvm.dll+0x70c4f5]
V  [jvm.dll+0x70da18]
V  [jvm.dll+0x70e0e3]
V  [jvm.dll+0x23de68]
V  [jvm.dll+0x5d8984]
V  [jvm.dll+0x5cda05]
V  [jvm.dll+0x2fa6bb]
V  [jvm.dll+0x2fa62a]
V  [jvm.dll+0x2fa502]
V  [jvm.dll+0x2ff3c6]
V  [jvm.dll+0x3478b3]
V  [jvm.dll+0x347fb6]
V  [jvm.dll+0x3479b3]
V  [jvm.dll+0x2d4f98]
V  [jvm.dll+0x2d6147]
V  [jvm.dll+0x6eb6e7]
V  [jvm.dll+0x6ecedc]
V  [jvm.dll+0x354fe9]
V  [jvm.dll+0x6d35ae]
V  [jvm.dll+0x3bd7e3]
V  [jvm.dll+0x3bfb81]
C  [java.exe+0x3763]
C  [java.exe+0x17a0c]
C  [KERNEL32.DLL+0x17bd4]
C  [ntdll.dll+0x6ced1]


---------------  P R O C E S S  ---------------

Threads class SMR info:
_java_thread_list=0x000001ea59396df0, length=0, elements={
}

Java Threads: ( => current thread )

Other Threads:
  0x000001ea5ad2c000 GCTaskThread "GC Thread#0" [stack: 0x000000468a500000,0x000000468a600000] [id=8200]
  0x000001ea5ad5b800 ConcurrentGCThread "G1 Main Marker" [stack: 0x000000468a600000,0x000000468a700000] [id=1964]
  0x000001ea5ad5e000 ConcurrentGCThread "G1 Conc#0" [stack: 0x000000468a700000,0x000000468a800000] [id=10668]

[error occurred during error reporting (printing all threads), id 0xc0000005, EXCEPTION_ACCESS_VIOLATION (0xc0000005) at pc=0x00007fffb9c558a7]

VM state:not at safepoint (not fully initialized)

VM Mutex/Monitor currently owned by a thread:  ([mutex/lock_event])
[0x000001ea5ad119b0] Heap_lock - owner thread: 0x000001ea5ad13000

Heap address: 0x0000000080a00000, size: 2038 MB, Compressed Oops mode: Non-zero based: 0x0000000080a00000
Narrow klass base: 0x0000000000000000, Narrow klass shift: 0

GC Heap History (0 events):
No events

Deoptimization events (0 events):
No events

Classes redefined (0 events):
No events

Internal exceptions (0 events):
No events

Events (0 events):
No events


Dynamic libraries:
0x00007ff7a9700000 - 0x00007ff7a9747000 	A:\WebStorm 2019.3\jbr\bin\java.exe
0x00007fffe24e0000 - 0x00007fffe26d0000 	C:\WINDOWS\SYSTEM32\ntdll.dll
0x00007fffe1c50000 - 0x00007fffe1d02000 	C:\WINDOWS\System32\KERNEL32.DLL
0x00007fffdf8f0000 - 0x00007fffdfb93000 	C:\WINDOWS\System32\KERNELBASE.dll
0x00007fffe0760000 - 0x00007fffe08f4000 	C:\WINDOWS\System32\USER32.dll
0x00007fffdf690000 - 0x00007fffdf6b1000 	C:\WINDOWS\System32\win32u.dll
0x00007fffe1fd0000 - 0x00007fffe1ff6000 	C:\WINDOWS\System32\GDI32.dll
0x00007fffdf4f0000 - 0x00007fffdf684000 	C:\WINDOWS\System32\gdi32full.dll
0x00007fffdfba0000 - 0x00007fffdfc3e000 	C:\WINDOWS\System32\msvcp_win.dll
0x00007fffe0420000 - 0x00007fffe051a000 	C:\WINDOWS\System32\ucrtbase.dll
0x00007fffd1e20000 - 0x00007fffd20a5000 	C:\WINDOWS\WinSxS\amd64_microsoft.windows.common-controls_6595b64144ccf1df_6.0.18362.720_none_e6beb5c51314836b\COMCTL32.dll
0x00007fffe0d70000 - 0x00007fffe0e0e000 	C:\WINDOWS\System32\msvcrt.dll
0x00007fffe1880000 - 0x00007fffe1bb6000 	C:\WINDOWS\System32\combase.dll
0x00007fffe0e10000 - 0x00007fffe0f30000 	C:\WINDOWS\System32\RPCRT4.dll
0x00007fffe0540000 - 0x00007fffe05c0000 	C:\WINDOWS\System32\bcryptPrimitives.dll
0x00007fffe0680000 - 0x00007fffe06ae000 	C:\WINDOWS\System32\IMM32.DLL
0x00007fffd0980000 - 0x00007fffd0997000 	A:\WebStorm 2019.3\jbr\bin\vcruntime140.dll
0x00007fffceb50000 - 0x00007fffcebed000 	A:\WebStorm 2019.3\jbr\bin\msvcp140.dll
0x00007fffb9970000 - 0x00007fffba428000 	A:\WebStorm 2019.3\jbr\bin\server\jvm.dll
0x00007fffe06b0000 - 0x00007fffe0753000 	C:\WINDOWS\System32\ADVAPI32.dll
0x00007fffe1770000 - 0x00007fffe1807000 	C:\WINDOWS\System32\sechost.dll
0x00007fffe1bc0000 - 0x00007fffe1bc8000 	C:\WINDOWS\System32\PSAPI.DLL
0x00007fffdbc50000 - 0x00007fffdbc59000 	C:\WINDOWS\SYSTEM32\WSOCK32.dll
0x00007fffe1810000 - 0x00007fffe187f000 	C:\WINDOWS\System32\WS2_32.dll
0x00007fffdc090000 - 0x00007fffdc0b4000 	C:\WINDOWS\SYSTEM32\WINMM.dll
0x00007fffd9870000 - 0x00007fffd987a000 	C:\WINDOWS\SYSTEM32\VERSION.dll
0x00007fffdc060000 - 0x00007fffdc08d000 	C:\WINDOWS\SYSTEM32\WINMMBASE.dll
0x00007fffdf4a0000 - 0x00007fffdf4ea000 	C:\WINDOWS\System32\cfgmgr32.dll
0x00007fffdf480000 - 0x00007fffdf491000 	C:\WINDOWS\System32\kernel.appcore.dll
0x00007fffd3fd0000 - 0x00007fffd3fe1000 	A:\WebStorm 2019.3\jbr\bin\verify.dll
0x00007fffc9470000 - 0x00007fffc9664000 	C:\WINDOWS\SYSTEM32\DBGHELP.DLL
0x00007fffc9440000 - 0x00007fffc946a000 	C:\WINDOWS\SYSTEM32\dbgcore.DLL
0x00007fffd3810000 - 0x00007fffd3839000 	A:\WebStorm 2019.3\jbr\bin\java.dll
0x00007fffd3fb0000 - 0x00007fffd3fc7000 	A:\WebStorm 2019.3\jbr\bin\zip.dll
0x00007fffd3df0000 - 0x00007fffd3dfb000 	A:\WebStorm 2019.3\jbr\bin\jimage.dll

dbghelp: loaded successfully - version: 4.0.5 - missing functions: none
symbol engine: initialized successfully - sym options: 0x614 - pdb path: .;A:\WebStorm 2019.3\jbr\bin;C:\WINDOWS\SYSTEM32;C:\WINDOWS\WinSxS\amd64_microsoft.windows.common-controls_6595b64144ccf1df_6.0.18362.720_none_e6beb5c51314836b;A:\WebStorm 2019.3\jbr\bin\server

VM Arguments:
java_command: org.jetbrains.git4idea.http.GitAskPassApp Username for 'https://github.com': 
java_class_path (initial): A:/WebStorm 2019.3/plugins/git4idea/lib/git4idea-rt.jar;A:/WebStorm 2019.3/lib/xmlrpc-2.0.1.jar;A:/WebStorm 2019.3/lib/commons-codec-1.13.jar;A:/WebStorm 2019.3/lib/util.jar
Launcher Type: SUN_STANDARD

[Global flags]
     intx CICompilerCount                          = 3                                         {product} {ergonomic}
     uint ConcGCThreads                            = 1                                         {product} {ergonomic}
     uint G1ConcRefinementThreads                  = 4                                         {product} {ergonomic}
   size_t G1HeapRegionSize                         = 1048576                                   {product} {ergonomic}
    uintx GCDrainStackTargetSize                   = 64                                        {product} {ergonomic}
   size_t InitialHeapSize                          = 134217728                                 {product} {ergonomic}
   size_t MarkStackSize                            = 4194304                                   {product} {ergonomic}
   size_t MaxHeapSize                              = 2136997888                                {product} {ergonomic}
   size_t MinHeapDeltaBytes                        = 1048576                                   {product} {ergonomic}
    uintx NonNMethodCodeHeapSize                   = 5830092                                {pd product} {ergonomic}
    uintx NonProfiledCodeHeapSize                  = 122914074                              {pd product} {ergonomic}
    uintx ProfiledCodeHeapSize                     = 122914074                              {pd product} {ergonomic}
    uintx ReservedCodeCacheSize                    = 251658240                              {pd product} {ergonomic}
     bool SegmentedCodeCache                       = true                                      {product} {ergonomic}
     bool UseCompressedClassPointers               = true                                 {lp64_product} {ergonomic}
     bool UseCompressedOops                        = true                                 {lp64_product} {ergonomic}
     bool UseG1GC                                  = true                                      {product} {ergonomic}
     bool UseLargePagesIndividualAllocation        = false                                  {pd product} {ergonomic}

Logging:
Log output configuration:
 #0: stdout all=warning uptime,level,tags
 #1: stderr all=off uptime,level,tags

Environment Variables:
PATH=A:\Git\mingw64\libexec\git-core;A:\Git\mingw64\libexec\git-core;A:\Git\mingw64\bin;A:\Git\usr\bin;C:\Users\papryk\bin;C:\Program Files (x86)\Common Files\Oracle\Java\javapath;C:\ProgramData\Oracle\Java\javapath;C:\Windows\system32;C:\Windows;C:\Windows\System32\Wbem;C:\Windows\System32\WindowsPowerShell\v1.0;C:\Program Files (x86)\NVIDIA Corporation\PhysX\Common;A:\DEV\command;C:\Program Files\dotnet;C:\Program Files\Microsoft SQL Server\130\Tools\Binn;A:\NodeJS;A:\yarn\bin;A:\Git\cmd;C:\WINDOWS\system32;C:\WINDOWS;C:\WINDOWS\System32\Wbem;C:\WINDOWS\System32\WindowsPowerShell\v1.0;C:\WINDOWS\System32\OpenSSH;A:\Python\Scripts;A:\Python;C:\Users\papryk\AppData\Local\Programs\Python\Python37-32\Scripts;C:\Users\papryk\AppData\Local\Programs\Python\Python37-32;A:\Ruby25-x64\bin;A:\Scripts;A:\;C:\Program Files\Java\jdk-11.0.1\bin;C:\Users\papryk\AppData\Roaming\npm;A:\Microsoft VS Code\bin;C:\Users\papryk\AppData\Local\Yarn\bin;C:\Users\papryk\AppData\Local\GitHubDesktop\bin;C:\Users\papryk\AppData\Local\Microsoft\WindowsApps;A:\PyCharm Community Edition 2019.3.2\bin
USERNAME=papryk
DISPLAY=:0.0
OS=Windows_NT
PROCESSOR_IDENTIFIER=Intel64 Family 6 Model 94 Stepping 3, GenuineIntel



---------------  S Y S T E M  ---------------

OS: Windows 10 , 64 bit Build 18362 (10.0.18362.329)

CPU:total 4 (initial active 4) (4 cores per cpu, 1 threads per core) family 6 model 94 stepping 3, cmov, cx8, fxsr, mmx, sse, sse2, sse3, ssse3, sse4.1, sse4.2, popcnt, avx, avx2, aes, clmul, erms, rtm, 3dnowpref, lzcnt, tsc, tscinvbit, bmi1, bmi2, adx, fma

Memory: 4k page, system-wide physical 8144M (450M free)
TotalPageFile size 15024M (AvailPageFile size 90M)
current process WorkingSet (physical memory assigned to process): 9M, peak: 9M
current process commit charge ("private bytes"): 51M, peak: 179M

vm_info: OpenJDK 64-Bit Server VM (11.0.4+10-b520.11) for windows-amd64 JRE (11.0.4+10-b520.11), built on Nov 16 2019 04:35:14 by "" with MS VC++ 14.0 (VS2015)

END.
